<?xml version="1.0" encoding="UTF-8"?>
<testsuite name="TestStart" tests="1" skipped="0" failures="0" errors="0" timestamp="2020-10-09T10:54:47" hostname="LONC02VV0HWHV2H" time="0.005">
  <properties/>
  <testcase name="testOk" classname="TestStart" time="0.005"/>
  <system-out><![CDATA[]]></system-out>
  <system-err><![CDATA[]]></system-err>
</testsuite>
